\BOOKMARK [1][-]{section*.2}{\376\377\000A\000b\000s\000t\000r\000a\000c\000t}{}% 1
\BOOKMARK [1][-]{section.1}{\376\377\0001\000\040\000O\000r\000g\000a\000n\000i\000z\000a\000t\000i\000o\000n}{}% 2
\BOOKMARK [1][-]{section.2}{\376\377\0002\000\040\000I\000n\000t\000r\000o\000d\000u\000c\000t\000i\000o\000n}{}% 3
\BOOKMARK [1][-]{section.3}{\376\377\0003\000\040\000F\000i\000g\000u\000r\000e\000s}{}% 4
\BOOKMARK [1][-]{section.4}{\376\377\0004\000\040\000T\000a\000b\000l\000e\000s}{}% 5
\BOOKMARK [1][-]{section.5}{\376\377\0005\000\040\000Q\000u\000o\000t\000e\000s}{}% 6
\BOOKMARK [1][-]{section.6}{\376\377\0006\000\040\000E\000m\000p\000h\000a\000s\000i\000z\000e}{}% 7
\BOOKMARK [1][-]{section.7}{\376\377\0007\000\040\000L\000a\000b\000e\000l\000s}{}% 8
\BOOKMARK [1][-]{section.8}{\376\377\0008\000\040\000F\000o\000o\000t\000n\000o\000t\000e\000s}{}% 9
\BOOKMARK [1][-]{section.9}{\376\377\0009\000\040\000P\000l\000a\000g\000i\000a\000r\000i\000s\000m}{}% 10
\BOOKMARK [1][-]{section.10}{\376\377\0001\0000\000\040\000C\000h\000e\000c\000k}{}% 11
\BOOKMARK [1][-]{section.11}{\376\377\0001\0001\000\040\000C\000o\000n\000v\000e\000n\000i\000e\000n\000t\000\040\000S\000e\000t\000u\000p}{}% 12
\BOOKMARK [1][-]{section.12}{\376\377\0001\0002\000\040\000C\000r\000e\000a\000t\000i\000n\000g\000\040\000t\000h\000e\000\040\000P\000D\000F}{}% 13
\BOOKMARK [1][-]{section.13}{\376\377\0001\0003\000\040\000C\000o\000n\000c\000l\000u\000s\000i\000o\000n}{}% 14
\BOOKMARK [1][-]{section*.5}{\376\377\000A\000c\000k\000n\000o\000w\000l\000e\000d\000g\000m\000e\000n\000t\000s}{}% 15
\BOOKMARK [1][-]{section*.7}{\376\377\000R\000e\000f\000e\000r\000e\000n\000c\000e\000s}{}% 16
\BOOKMARK [1][-]{appendix.A}{\376\377\000A\000\040\000c\000h\000k\000t\000e\000x}{}% 17
\BOOKMARK [0][-]{section*.8}{\376\377\000L\000i\000s\000t\000\040\000o\000f\000\040\000F\000i\000g\000u\000r\000e\000s}{}% 18
\BOOKMARK [1][-]{section*.9}{\376\377\000L\000i\000s\000t\000\040\000o\000f\000\040\000F\000i\000g\000u\000r\000e\000s}{section*.8}% 19
\BOOKMARK [0][-]{section*.11}{\376\377\000L\000i\000s\000t\000\040\000o\000f\000\040\000T\000a\000b\000l\000e\000s}{}% 20
\BOOKMARK [1][-]{section*.12}{\376\377\000L\000i\000s\000t\000\040\000o\000f\000\040\000T\000a\000b\000l\000e\000s}{section*.11}% 21
